{"C:\\Users\\DarkK\\OneDrive\\Escritorio\\My Projects\\PERN-Stack React-Typescript\\api\\src\\router.ts": {"path":"C:\\Users\\DarkK\\OneDrive\\Escritorio\\My Projects\\PERN-Stack React-Typescript\\api\\src\\router.ts","statementMap":{"0":{"start":{"line":1,"column":0},"end":{"line":1,"column":33}},"1":{"start":{"line":2,"column":0},"end":{"line":2,"column":48}},"2":{"start":{"line":3,"column":0},"end":{"line":3,"column":null}},"3":{"start":{"line":11,"column":0},"end":{"line":11,"column":49}},"4":{"start":{"line":16,"column":15},"end":{"line":16,"column":23}},"5":{"start":{"line":21,"column":0},"end":{"line":21,"column":28}},"6":{"start":{"line":22,"column":0},"end":{"line":27,"column":2}},"7":{"start":{"line":30,"column":0},"end":{"line":46,"column":2}},"8":{"start":{"line":42,"column":23},"end":{"line":42,"column":32}},"9":{"start":{"line":49,"column":0},"end":{"line":71,"column":2}},"10":{"start":{"line":63,"column":23},"end":{"line":63,"column":32}},"11":{"start":{"line":73,"column":0},"end":{"line":78,"column":2}},"12":{"start":{"line":81,"column":0},"end":{"line":86,"column":2}},"13":{"start":{"line":89,"column":0},"end":{"line":89,"column":22}}},"fnMap":{"0":{"name":"(anonymous_0)","decl":{"start":{"line":42,"column":12},"end":{"line":42,"column":13}},"loc":{"start":{"line":42,"column":23},"end":{"line":42,"column":32}}},"1":{"name":"(anonymous_1)","decl":{"start":{"line":63,"column":12},"end":{"line":63,"column":13}},"loc":{"start":{"line":63,"column":23},"end":{"line":63,"column":32}}}},"branchMap":{},"s":{"0":2,"1":2,"2":2,"3":2,"4":2,"5":2,"6":2,"7":2,"8":4,"9":2,"10":5,"11":2,"12":2,"13":2},"f":{"0":4,"1":5},"b":{}}
,"C:\\Users\\DarkK\\OneDrive\\Escritorio\\My Projects\\PERN-Stack React-Typescript\\api\\src\\server.ts": {"path":"C:\\Users\\DarkK\\OneDrive\\Escritorio\\My Projects\\PERN-Stack React-Typescript\\api\\src\\server.ts","statementMap":{"0":{"start":{"line":1,"column":0},"end":{"line":1,"column":30}},"1":{"start":{"line":2,"column":0},"end":{"line":2,"column":43}},"2":{"start":{"line":3,"column":0},"end":{"line":3,"column":43}},"3":{"start":{"line":4,"column":0},"end":{"line":4,"column":30}},"4":{"start":{"line":5,"column":0},"end":{"line":5,"column":29}},"5":{"start":{"line":13,"column":2},"end":{"line":20,"column":3}},"6":{"start":{"line":14,"column":4},"end":{"line":14,"column":28}},"7":{"start":{"line":15,"column":4},"end":{"line":15,"column":14}},"8":{"start":{"line":36,"column":9},"end":{"line":36,"column":18}},"9":{"start":{"line":23,"column":0},"end":{"line":23,"column":12}},"10":{"start":{"line":25,"column":15},"end":{"line":25,"column":24}},"11":{"start":{"line":28,"column":0},"end":{"line":28,"column":27}},"12":{"start":{"line":30,"column":0},"end":{"line":30,"column":36}},"13":{"start":{"line":32,"column":0},"end":{"line":32,"column":67}},"14":{"start":{"line":35,"column":0},"end":{"line":35,"column":22}}},"fnMap":{"0":{"name":"connectDB","decl":{"start":{"line":12,"column":15},"end":{"line":12,"column":24}},"loc":{"start":{"line":12,"column":24},"end":{"line":21,"column":1}}}},"branchMap":{},"s":{"0":2,"1":2,"2":2,"3":2,"4":2,"5":3,"6":3,"7":2,"8":2,"9":2,"10":2,"11":2,"12":2,"13":2,"14":2},"f":{"0":3},"b":{}}
,"C:\\Users\\DarkK\\OneDrive\\Escritorio\\My Projects\\PERN-Stack React-Typescript\\api\\src\\config\\db.ts": {"path":"C:\\Users\\DarkK\\OneDrive\\Escritorio\\My Projects\\PERN-Stack React-Typescript\\api\\src\\config\\db.ts","statementMap":{"0":{"start":{"line":1,"column":0},"end":{"line":1,"column":49}},"1":{"start":{"line":2,"column":0},"end":{"line":2,"column":28}},"2":{"start":{"line":5,"column":0},"end":{"line":5,"column":16}},"3":{"start":{"line":7,"column":11},"end":{"line":10,"column":2}},"4":{"start":{"line":13,"column":0},"end":{"line":13,"column":18}}},"fnMap":{},"branchMap":{},"s":{"0":2,"1":2,"2":2,"3":2,"4":2},"f":{},"b":{}}
,"C:\\Users\\DarkK\\OneDrive\\Escritorio\\My Projects\\PERN-Stack React-Typescript\\api\\src\\config\\swagger.ts": {"path":"C:\\Users\\DarkK\\OneDrive\\Escritorio\\My Projects\\PERN-Stack React-Typescript\\api\\src\\config\\swagger.ts","statementMap":{"0":{"start":{"line":1,"column":0},"end":{"line":1,"column":41}},"1":{"start":{"line":3,"column":38},"end":{"line":20,"column":2}},"2":{"start":{"line":22,"column":20},"end":{"line":22,"column":41}},"3":{"start":{"line":24,"column":0},"end":{"line":24,"column":27}}},"fnMap":{},"branchMap":{},"s":{"0":2,"1":2,"2":2,"3":2},"f":{},"b":{}}
,"C:\\Users\\DarkK\\OneDrive\\Escritorio\\My Projects\\PERN-Stack React-Typescript\\api\\src\\handlers\\product.ts": {"path":"C:\\Users\\DarkK\\OneDrive\\Escritorio\\My Projects\\PERN-Stack React-Typescript\\api\\src\\handlers\\product.ts","statementMap":{"0":{"start":{"line":2,"column":0},"end":{"line":2,"column":46}},"1":{"start":{"line":5,"column":26},"end":{"line":15,"column":1}},"2":{"start":{"line":6,"column":2},"end":{"line":14,"column":3}},"3":{"start":{"line":7,"column":21},"end":{"line":9,"column":6}},"4":{"start":{"line":11,"column":4},"end":{"line":11,"column":33}},"5":{"start":{"line":13,"column":4},"end":{"line":13,"column":23}},"6":{"start":{"line":5,"column":13},"end":{"line":5,"column":26}},"7":{"start":{"line":17,"column":30},"end":{"line":30,"column":1}},"8":{"start":{"line":18,"column":2},"end":{"line":29,"column":3}},"9":{"start":{"line":19,"column":19},"end":{"line":19,"column":29}},"10":{"start":{"line":20,"column":20},"end":{"line":20,"column":46}},"11":{"start":{"line":22,"column":4},"end":{"line":24,"column":5}},"12":{"start":{"line":23,"column":6},"end":{"line":23,"column":73}},"13":{"start":{"line":26,"column":4},"end":{"line":26,"column":32}},"14":{"start":{"line":28,"column":4},"end":{"line":28,"column":23}},"15":{"start":{"line":17,"column":13},"end":{"line":17,"column":30}},"16":{"start":{"line":33,"column":29},"end":{"line":38,"column":1}},"17":{"start":{"line":34,"column":18},"end":{"line":34,"column":48}},"18":{"start":{"line":37,"column":2},"end":{"line":37,"column":30}},"19":{"start":{"line":33,"column":13},"end":{"line":33,"column":29}},"20":{"start":{"line":42,"column":29},"end":{"line":55,"column":1}},"21":{"start":{"line":43,"column":17},"end":{"line":43,"column":27}},"22":{"start":{"line":44,"column":18},"end":{"line":44,"column":44}},"23":{"start":{"line":46,"column":2},"end":{"line":48,"column":3}},"24":{"start":{"line":47,"column":4},"end":{"line":47,"column":71}},"25":{"start":{"line":51,"column":2},"end":{"line":51,"column":33}},"26":{"start":{"line":52,"column":2},"end":{"line":52,"column":23}},"27":{"start":{"line":54,"column":2},"end":{"line":54,"column":30}},"28":{"start":{"line":42,"column":13},"end":{"line":42,"column":29}},"29":{"start":{"line":65,"column":34},"end":{"line":78,"column":1}},"30":{"start":{"line":66,"column":17},"end":{"line":66,"column":27}},"31":{"start":{"line":67,"column":18},"end":{"line":67,"column":44}},"32":{"start":{"line":69,"column":2},"end":{"line":71,"column":3}},"33":{"start":{"line":70,"column":4},"end":{"line":70,"column":71}},"34":{"start":{"line":74,"column":2},"end":{"line":74,"column":58}},"35":{"start":{"line":75,"column":2},"end":{"line":75,"column":23}},"36":{"start":{"line":77,"column":2},"end":{"line":77,"column":30}},"37":{"start":{"line":65,"column":13},"end":{"line":65,"column":34}},"38":{"start":{"line":81,"column":29},"end":{"line":92,"column":1}},"39":{"start":{"line":82,"column":17},"end":{"line":82,"column":27}},"40":{"start":{"line":83,"column":18},"end":{"line":83,"column":44}},"41":{"start":{"line":85,"column":2},"end":{"line":87,"column":3}},"42":{"start":{"line":86,"column":4},"end":{"line":86,"column":71}},"43":{"start":{"line":89,"column":2},"end":{"line":89,"column":26}},"44":{"start":{"line":91,"column":2},"end":{"line":91,"column":43}},"45":{"start":{"line":81,"column":13},"end":{"line":81,"column":29}}},"fnMap":{"0":{"name":"(anonymous_1)","decl":{"start":{"line":5,"column":26},"end":{"line":5,"column":31}},"loc":{"start":{"line":5,"column":64},"end":{"line":15,"column":1}}},"1":{"name":"(anonymous_2)","decl":{"start":{"line":17,"column":30},"end":{"line":17,"column":35}},"loc":{"start":{"line":17,"column":68},"end":{"line":30,"column":1}}},"2":{"name":"(anonymous_3)","decl":{"start":{"line":33,"column":29},"end":{"line":33,"column":34}},"loc":{"start":{"line":33,"column":67},"end":{"line":38,"column":1}}},"3":{"name":"(anonymous_4)","decl":{"start":{"line":42,"column":29},"end":{"line":42,"column":34}},"loc":{"start":{"line":42,"column":67},"end":{"line":55,"column":1}}},"4":{"name":"(anonymous_5)","decl":{"start":{"line":65,"column":34},"end":{"line":65,"column":39}},"loc":{"start":{"line":65,"column":72},"end":{"line":78,"column":1}}},"5":{"name":"(anonymous_6)","decl":{"start":{"line":81,"column":29},"end":{"line":81,"column":34}},"loc":{"start":{"line":81,"column":67},"end":{"line":92,"column":1}}}},"branchMap":{"0":{"loc":{"start":{"line":22,"column":4},"end":{"line":24,"column":5}},"type":"if","locations":[{"start":{"line":22,"column":4},"end":{"line":24,"column":5}}]},"1":{"loc":{"start":{"line":46,"column":2},"end":{"line":48,"column":3}},"type":"if","locations":[{"start":{"line":46,"column":2},"end":{"line":48,"column":3}}]},"2":{"loc":{"start":{"line":69,"column":2},"end":{"line":71,"column":3}},"type":"if","locations":[{"start":{"line":69,"column":2},"end":{"line":71,"column":3}}]},"3":{"loc":{"start":{"line":85,"column":2},"end":{"line":87,"column":3}},"type":"if","locations":[{"start":{"line":85,"column":2},"end":{"line":87,"column":3}}]}},"s":{"0":2,"1":2,"2":2,"3":2,"4":2,"5":0,"6":2,"7":2,"8":2,"9":2,"10":2,"11":2,"12":1,"13":1,"14":0,"15":2,"16":2,"17":1,"18":1,"19":2,"20":2,"21":2,"22":2,"23":2,"24":1,"25":1,"26":1,"27":1,"28":2,"29":2,"30":2,"31":2,"32":2,"33":1,"34":1,"35":1,"36":1,"37":2,"38":2,"39":2,"40":2,"41":2,"42":1,"43":1,"44":1,"45":2},"f":{"0":2,"1":2,"2":1,"3":2,"4":2,"5":2},"b":{"0":[1],"1":[1],"2":[1],"3":[1]}}
,"C:\\Users\\DarkK\\OneDrive\\Escritorio\\My Projects\\PERN-Stack React-Typescript\\api\\src\\middleware\\index.ts": {"path":"C:\\Users\\DarkK\\OneDrive\\Escritorio\\My Projects\\PERN-Stack React-Typescript\\api\\src\\middleware\\index.ts","statementMap":{"0":{"start":{"line":2,"column":0},"end":{"line":2,"column":53}},"1":{"start":{"line":14,"column":33},"end":{"line":26,"column":1}},"2":{"start":{"line":19,"column":15},"end":{"line":19,"column":36}},"3":{"start":{"line":21,"column":2},"end":{"line":23,"column":3}},"4":{"start":{"line":22,"column":4},"end":{"line":22,"column":60}},"5":{"start":{"line":25,"column":2},"end":{"line":25,"column":9}},"6":{"start":{"line":14,"column":13},"end":{"line":14,"column":33}}},"fnMap":{"0":{"name":"(anonymous_0)","decl":{"start":{"line":14,"column":33},"end":{"line":14,"column":null}},"loc":{"start":{"line":18,"column":4},"end":{"line":26,"column":1}}}},"branchMap":{"0":{"loc":{"start":{"line":21,"column":2},"end":{"line":23,"column":3}},"type":"if","locations":[{"start":{"line":21,"column":2},"end":{"line":23,"column":3}}]}},"s":{"0":2,"1":2,"2":17,"3":17,"4":8,"5":9,"6":2},"f":{"0":17},"b":{"0":[8]}}
,"C:\\Users\\DarkK\\OneDrive\\Escritorio\\My Projects\\PERN-Stack React-Typescript\\api\\src\\models\\Product.model.ts": {"path":"C:\\Users\\DarkK\\OneDrive\\Escritorio\\My Projects\\PERN-Stack React-Typescript\\api\\src\\models\\Product.model.ts","statementMap":{"0":{"start":{"line":1,"column":0},"end":{"line":1,"column":79}},"1":{"start":{"line":10,"column":0},"end":{"line":26,"column":null}},"2":{"start":{"line":14,"column":10},"end":{"line":14,"column":null}},"3":{"start":{"line":19,"column":10},"end":{"line":19,"column":null}},"4":{"start":{"line":25,"column":10},"end":{"line":25,"column":null}},"5":{"start":{"line":10,"column":6},"end":{"line":26,"column":null}},"6":{"start":{"line":28,"column":0},"end":{"line":28,"column":23}}},"fnMap":{},"branchMap":{},"s":{"0":3,"1":3,"2":3,"3":3,"4":3,"5":3,"6":3},"f":{},"b":{}}
}
