TN:
SF:src\router.ts
FN:42,(anonymous_0)
FN:63,(anonymous_1)
FNF:2
FNH:2
FNDA:4,(anonymous_0)
FNDA:5,(anonymous_1)
DA:1,2
DA:2,2
DA:3,2
DA:11,2
DA:16,2
DA:21,2
DA:22,2
DA:30,2
DA:42,4
DA:49,2
DA:63,5
DA:73,2
DA:81,2
DA:89,2
LF:14
LH:14
BRF:0
BRH:0
end_of_record
TN:
SF:src\server.ts
FN:12,connectDB
FNF:1
FNH:1
FNDA:3,connectDB
DA:1,2
DA:2,2
DA:3,2
DA:4,2
DA:5,2
DA:13,3
DA:14,3
DA:15,2
DA:23,2
DA:25,2
DA:28,2
DA:30,2
DA:32,2
DA:35,2
DA:36,2
LF:15
LH:15
BRF:0
BRH:0
end_of_record
TN:
SF:src\config\db.ts
FNF:0
FNH:0
DA:1,2
DA:2,2
DA:5,2
DA:7,2
DA:13,2
LF:5
LH:5
BRF:0
BRH:0
end_of_record
TN:
SF:src\config\swagger.ts
FNF:0
FNH:0
DA:1,2
DA:3,2
DA:22,2
DA:24,2
LF:4
LH:4
BRF:0
BRH:0
end_of_record
TN:
SF:src\handlers\product.ts
FN:5,(anonymous_1)
FN:17,(anonymous_2)
FN:33,(anonymous_3)
FN:42,(anonymous_4)
FN:65,(anonymous_5)
FN:81,(anonymous_6)
FNF:6
FNH:6
FNDA:2,(anonymous_1)
FNDA:2,(anonymous_2)
FNDA:1,(anonymous_3)
FNDA:2,(anonymous_4)
FNDA:2,(anonymous_5)
FNDA:2,(anonymous_6)
DA:2,2
DA:5,2
DA:6,2
DA:7,2
DA:11,2
DA:13,0
DA:17,2
DA:18,2
DA:19,2
DA:20,2
DA:22,2
DA:23,1
DA:26,1
DA:28,0
DA:33,2
DA:34,1
DA:37,1
DA:42,2
DA:43,2
DA:44,2
DA:46,2
DA:47,1
DA:51,1
DA:52,1
DA:54,1
DA:65,2
DA:66,2
DA:67,2
DA:69,2
DA:70,1
DA:74,1
DA:75,1
DA:77,1
DA:81,2
DA:82,2
DA:83,2
DA:85,2
DA:86,1
DA:89,1
DA:91,1
LF:40
LH:38
BRDA:22,0,0,1
BRDA:46,1,0,1
BRDA:69,2,0,1
BRDA:85,3,0,1
BRF:4
BRH:4
end_of_record
TN:
SF:src\middleware\index.ts
FN:14,(anonymous_0)
FNF:1
FNH:1
FNDA:17,(anonymous_0)
DA:2,2
DA:14,2
DA:19,17
DA:21,17
DA:22,8
DA:25,9
LF:6
LH:6
BRDA:21,0,0,8
BRF:1
BRH:1
end_of_record
TN:
SF:src\models\Product.model.ts
FNF:0
FNH:0
DA:1,3
DA:10,3
DA:14,3
DA:19,3
DA:25,3
DA:28,3
LF:6
LH:6
BRF:0
BRH:0
end_of_record
